<?xml version="1.0" encoding="UTF-8"?>
<testng-results skipped="0" failed="0" ignored="0" total="2" passed="2">
  <reporter-output>
  </reporter-output>
  <suite name="Default suite" duration-ms="42276" started-at="2020-11-08T15:07:53Z" finished-at="2020-11-08T15:08:36Z">
    <groups>
    </groups>
    <test name="Default test" duration-ms="42276" started-at="2020-11-08T15:07:53Z" finished-at="2020-11-08T15:08:36Z">
      <class name="prac.LoginPage">
        <test-method status="PASS" signature="testLoginPage(java.lang.String, java.lang.String)[pri:0, instance:prac.LoginPage@1e88b3c]" name="testLoginPage" duration-ms="20389" started-at="2020-11-08T15:07:53Z" data-provider="LoginData" finished-at="2020-11-08T15:08:14Z">
          <params>
            <param index="0">
              <value>
                <![CDATA[anily]]>
              </value>
            </param>
            <param index="1">
              <value>
                <![CDATA[Delhi23]]>
              </value>
            </param>
          </params>
          <reporter-output>
          </reporter-output>
        </test-method> <!-- testLoginPage -->
        <test-method status="PASS" signature="testLoginPage(java.lang.String, java.lang.String)[pri:0, instance:prac.LoginPage@1e88b3c]" name="testLoginPage" duration-ms="21803" started-at="2020-11-08T15:08:14Z" data-provider="LoginData" finished-at="2020-11-08T15:08:36Z">
          <params>
            <param index="0">
              <value>
                <![CDATA[nandy]]>
              </value>
            </param>
            <param index="1">
              <value>
                <![CDATA[koderma12]]>
              </value>
            </param>
          </params>
          <reporter-output>
          </reporter-output>
        </test-method> <!-- testLoginPage -->
      </class> <!-- prac.LoginPage -->
    </test> <!-- Default test -->
  </suite> <!-- Default suite -->
</testng-results>
